<?xml version="1.0" encoding="UTF-8"?>
<testng-results ignored="0" total="1" passed="1" failed="0" skipped="0">
  <reporter-output>
  </reporter-output>
  <suite started-at="2024-06-30T21:45:59 IST" name="Suite" finished-at="2024-06-30T21:46:09 IST" duration-ms="9484">
    <groups>
    </groups>
    <test started-at="2024-06-30T21:45:59 IST" name="Test" finished-at="2024-06-30T21:46:09 IST" duration-ms="9484">
      <class name="com.qa.test.loginpagetest">
        <test-method is-config="true" signature="launch()[pri:0, instance:com.qa.test.loginpagetest@3c77d488]" started-at="2024-06-30T21:45:59 IST" name="launch" finished-at="2024-06-30T21:46:08 IST" duration-ms="9176" status="PASS">
          <reporter-output>
          </reporter-output>
        </test-method> <!-- launch -->
        <test-method signature="logintestfirst()[pri:0, instance:com.qa.test.loginpagetest@3c77d488]" started-at="2024-06-30T21:46:08 IST" name="logintestfirst" finished-at="2024-06-30T21:46:08 IST" duration-ms="12" status="PASS">
          <reporter-output>
          </reporter-output>
        </test-method> <!-- logintestfirst -->
        <test-method is-config="true" signature="Endpoint()[pri:0, instance:com.qa.test.loginpagetest@3c77d488]" started-at="2024-06-30T21:46:08 IST" name="Endpoint" finished-at="2024-06-30T21:46:09 IST" duration-ms="217" status="PASS">
          <reporter-output>
          </reporter-output>
        </test-method> <!-- Endpoint -->
      </class> <!-- com.qa.test.loginpagetest -->
    </test> <!-- Test -->
  </suite> <!-- Suite -->
</testng-results>
