<?xml version="1.0" encoding="UTF-8"?>
<testng-results ignored="0" total="1" passed="1" failed="0" skipped="0">
  <reporter-output>
  </reporter-output>
  <suite started-at="2024-06-30T01:10:48 IST" name="Suite" finished-at="2024-06-30T01:10:54 IST" duration-ms="6027">
    <groups>
    </groups>
    <test started-at="2024-06-30T01:10:48 IST" name="Test" finished-at="2024-06-30T01:10:54 IST" duration-ms="6027">
      <class name="com.qa.test.loginpagetest">
        <test-method is-config="true" signature="launch()[pri:0, instance:com.qa.test.loginpagetest@750e2b97]" started-at="2024-06-30T01:10:48 IST" name="launch" finished-at="2024-06-30T01:10:54 IST" duration-ms="5674" status="PASS">
          <reporter-output>
          </reporter-output>
        </test-method> <!-- launch -->
        <test-method signature="logintestfirst()[pri:0, instance:com.qa.test.loginpagetest@750e2b97]" started-at="2024-06-30T01:10:54 IST" name="logintestfirst" finished-at="2024-06-30T01:10:54 IST" duration-ms="23" status="PASS">
          <reporter-output>
          </reporter-output>
        </test-method> <!-- logintestfirst -->
        <test-method is-config="true" signature="Endpoint()[pri:0, instance:com.qa.test.loginpagetest@750e2b97]" started-at="2024-06-30T01:10:54 IST" name="Endpoint" finished-at="2024-06-30T01:10:54 IST" duration-ms="281" status="PASS">
          <reporter-output>
          </reporter-output>
        </test-method> <!-- Endpoint -->
      </class> <!-- com.qa.test.loginpagetest -->
    </test> <!-- Test -->
  </suite> <!-- Suite -->
</testng-results>
